<?xml version="1.0" encoding="UTF-8" ?>
<testsuite failures="0" time="5.063" errors="0" skipped="0" tests="10" name="com.googleapis.ajax.services.search.GoogleSearchJsonQueryTest">
  <properties>
[...]
</properties>
  <testcase time="0.828" classname="com.googleapis.ajax.services.search.GoogleSearchJsonQueryTest" name="testSearchBlogs"/>
  <testcase time="0.563" classname="com.googleapis.ajax.services.search.GoogleSearchJsonQueryTest" name="testSearchBooks"/>
  <testcase time="0.281" classname="com.googleapis.ajax.services.search.GoogleSearchJsonQueryTest" name="testSearchImages"/>
  <testcase time="0.453" classname="com.googleapis.ajax.services.search.GoogleSearchJsonQueryTest" name="testSearchLocal"/>
  <testcase time="0.5" classname="com.googleapis.ajax.services.search.GoogleSearchJsonQueryTest" name="testSearchNews"/>
  <testcase time="0.469" classname="com.googleapis.ajax.services.search.GoogleSearchJsonQueryTest" name="testSearchPatents"/>
  <testcase time="0.984" classname="com.googleapis.ajax.services.search.GoogleSearchJsonQueryTest" name="testSearchVideos"/>
  <testcase time="0.406" classname="com.googleapis.ajax.services.search.GoogleSearchJsonQueryTest" name="testSearchWeb"/>
  <testcase time="0.297" classname="com.googleapis.ajax.services.search.GoogleSearchJsonQueryTest" name="testDetectLanguage"/>
  <testcase time="0.282" classname="com.googleapis.ajax.services.search.GoogleSearchJsonQueryTest" name="testTranslateLanguage"/>
</testsuite>